2025-03-30 16:19:42 - INFO - Added Anime: Solo Leveling -ReAwakening-
2025-03-30 16:19:42 - INFO - Added Anime: Code Geass: Lelouch of the Rebellion
2025-03-30 16:19:42 - INFO - Added Anime: Code Geass: Fukkatsu no Lelouch Picture Drama - Re;f 103.00 ~ Shinkai no Kakera
2025-03-30 16:19:42 - INFO - Added Anime: Code Geass: Lelouch of the Rebellion I - Initiation
2025-03-30 16:19:42 - INFO - Cover Image already downloaded
2025-03-30 16:19:43 - INFO - Cover Image already downloaded
2025-03-30 16:19:43 - INFO - Cover Image already downloaded
2025-03-30 16:19:43 - INFO - Cover Image already downloaded
2025-03-30 16:19:51 - INFO - Added Anime: Solo Leveling -ReAwakening-
2025-03-30 16:19:51 - INFO - Added Anime: Code Geass: Lelouch of the Rebellion
2025-03-30 16:19:51 - INFO - Added Anime: Code Geass: Fukkatsu no Lelouch Picture Drama - Re;f 103.00 ~ Shinkai no Kakera
2025-03-30 16:19:51 - INFO - Added Anime: Code Geass: Lelouch of the Rebellion I - Initiation
2025-03-30 16:19:51 - INFO - Cover Image already downloaded
2025-03-30 16:19:52 - INFO - Cover Image already downloaded
2025-03-30 16:19:52 - INFO - Cover Image already downloaded
2025-03-30 16:19:52 - INFO - Cover Image already downloaded
2025-03-30 16:21:03 - INFO - Added Anime: Solo Leveling -ReAwakening-
2025-03-30 16:21:03 - INFO - Added Anime: Code Geass: Lelouch of the Rebellion
2025-03-30 16:21:03 - INFO - Added Anime: Code Geass: Fukkatsu no Lelouch Picture Drama - Re;f 103.00 ~ Shinkai no Kakera
2025-03-30 16:21:03 - INFO - Added Anime: Code Geass: Lelouch of the Rebellion I - Initiation
2025-03-30 16:21:03 - INFO - Cover Image already downloaded
2025-03-30 16:21:03 - INFO - Cover Image already downloaded
2025-03-30 16:21:03 - INFO - Cover Image already downloaded
2025-03-30 16:21:03 - INFO - Cover Image already downloaded
2025-03-30 16:21:17 - INFO - Added Anime: Solo Leveling -ReAwakening-
2025-03-30 16:21:17 - INFO - Added Anime: Code Geass: Lelouch of the Rebellion
2025-03-30 16:21:17 - INFO - Added Anime: Code Geass: Fukkatsu no Lelouch Picture Drama - Re;f 103.00 ~ Shinkai no Kakera
2025-03-30 16:21:17 - INFO - Added Anime: Code Geass: Lelouch of the Rebellion I - Initiation
2025-03-30 16:21:17 - INFO - Cover Image already downloaded
2025-03-30 16:21:17 - INFO - Cover Image already downloaded
2025-03-30 16:21:17 - INFO - Cover Image already downloaded
2025-03-30 16:21:17 - INFO - Cover Image already downloaded
2025-03-30 16:21:24 - INFO - Added Anime: Solo Leveling -ReAwakening-
2025-03-30 16:21:24 - INFO - Added Anime: Code Geass: Lelouch of the Rebellion
2025-03-30 16:21:24 - INFO - Added Anime: Code Geass: Fukkatsu no Lelouch Picture Drama - Re;f 103.00 ~ Shinkai no Kakera
2025-03-30 16:21:24 - INFO - Added Anime: Code Geass: Lelouch of the Rebellion I - Initiation
2025-03-30 16:21:24 - INFO - Cover Image already downloaded
2025-03-30 16:21:25 - INFO - Cover Image already downloaded
2025-03-30 16:21:25 - INFO - Cover Image already downloaded
2025-03-30 16:21:25 - INFO - Cover Image already downloaded
2025-03-30 16:21:37 - INFO - Added Anime: Solo Leveling -ReAwakening-
2025-03-30 16:21:37 - INFO - Added Anime: Code Geass: Lelouch of the Rebellion
2025-03-30 16:21:37 - INFO - Added Anime: Code Geass: Fukkatsu no Lelouch Picture Drama - Re;f 103.00 ~ Shinkai no Kakera
2025-03-30 16:21:37 - INFO - Added Anime: Code Geass: Lelouch of the Rebellion I - Initiation
2025-03-30 16:21:37 - INFO - Cover Image already downloaded
2025-03-30 16:21:38 - INFO - Cover Image already downloaded
2025-03-30 16:21:38 - INFO - Cover Image already downloaded
2025-03-30 16:21:38 - INFO - Cover Image already downloaded
2025-03-30 16:23:30 - INFO - Added Anime: Solo Leveling -ReAwakening-
2025-03-30 16:23:30 - INFO - Added Anime: Code Geass: Lelouch of the Rebellion
2025-03-30 16:23:30 - INFO - Added Anime: Code Geass: Fukkatsu no Lelouch Picture Drama - Re;f 103.00 ~ Shinkai no Kakera
2025-03-30 16:23:30 - INFO - Added Anime: Code Geass: Lelouch of the Rebellion I - Initiation
2025-03-30 16:23:30 - INFO - Cover Image already downloaded
2025-03-30 16:23:31 - INFO - Cover Image already downloaded
2025-03-30 16:23:31 - INFO - Cover Image already downloaded
2025-03-30 16:23:31 - INFO - Cover Image already downloaded
2025-03-30 16:24:02 - INFO - Added Anime: Solo Leveling -ReAwakening-
2025-03-30 16:24:02 - INFO - Added Anime: Code Geass: Lelouch of the Rebellion
2025-03-30 16:24:02 - INFO - Added Anime: Code Geass: Fukkatsu no Lelouch Picture Drama - Re;f 103.00 ~ Shinkai no Kakera
2025-03-30 16:24:02 - INFO - Added Anime: Code Geass: Lelouch of the Rebellion I - Initiation
2025-03-30 16:24:02 - INFO - Cover Image already downloaded
2025-03-30 16:24:02 - INFO - Cover Image already downloaded
2025-03-30 16:24:02 - INFO - Cover Image already downloaded
2025-03-30 16:24:02 - INFO - Cover Image already downloaded
2025-03-30 16:25:19 - INFO - Added Anime: Solo Leveling -ReAwakening-
2025-03-30 16:25:19 - INFO - Added Anime: Code Geass: Lelouch of the Rebellion
2025-03-30 16:25:19 - INFO - Added Anime: Code Geass: Fukkatsu no Lelouch Picture Drama - Re;f 103.00 ~ Shinkai no Kakera
2025-03-30 16:25:19 - INFO - Added Anime: Code Geass: Lelouch of the Rebellion I - Initiation
2025-03-30 16:25:19 - INFO - Cover Image already downloaded
2025-03-30 16:25:19 - INFO - Cover Image already downloaded
2025-03-30 16:25:19 - INFO - Cover Image already downloaded
2025-03-30 16:25:19 - INFO - Cover Image already downloaded
2025-03-30 16:25:53 - INFO - Added Anime: Solo Leveling -ReAwakening-
2025-03-30 16:25:53 - INFO - Added Anime: Code Geass: Lelouch of the Rebellion
2025-03-30 16:25:53 - INFO - Added Anime: Code Geass: Fukkatsu no Lelouch Picture Drama - Re;f 103.00 ~ Shinkai no Kakera
2025-03-30 16:25:53 - INFO - Added Anime: Code Geass: Lelouch of the Rebellion I - Initiation
2025-03-30 16:25:53 - INFO - Cover Image already downloaded
2025-03-30 16:25:54 - INFO - Cover Image already downloaded
2025-03-30 16:25:54 - INFO - Cover Image already downloaded
2025-03-30 16:25:54 - INFO - Cover Image already downloaded
2025-03-30 16:26:02 - INFO - Added Anime: Solo Leveling -ReAwakening-
2025-03-30 16:26:02 - INFO - Added Anime: Code Geass: Lelouch of the Rebellion
2025-03-30 16:26:02 - INFO - Added Anime: Code Geass: Fukkatsu no Lelouch Picture Drama - Re;f 103.00 ~ Shinkai no Kakera
2025-03-30 16:26:02 - INFO - Added Anime: Code Geass: Lelouch of the Rebellion I - Initiation
2025-03-30 16:26:02 - INFO - Cover Image already downloaded
2025-03-30 16:26:02 - INFO - Cover Image already downloaded
2025-03-30 16:26:02 - INFO - Cover Image already downloaded
2025-03-30 16:26:02 - INFO - Cover Image already downloaded
2025-03-30 16:26:32 - INFO - Added Anime: Solo Leveling -ReAwakening-
2025-03-30 16:26:32 - INFO - Added Anime: Code Geass: Lelouch of the Rebellion
2025-03-30 16:26:32 - INFO - Added Anime: Code Geass: Fukkatsu no Lelouch Picture Drama - Re;f 103.00 ~ Shinkai no Kakera
2025-03-30 16:26:32 - INFO - Added Anime: Code Geass: Lelouch of the Rebellion I - Initiation
2025-03-30 16:26:32 - INFO - Cover Image already downloaded
2025-03-30 16:26:32 - INFO - Cover Image already downloaded
2025-03-30 16:26:32 - INFO - Cover Image already downloaded
2025-03-30 16:26:32 - INFO - Cover Image already downloaded
2025-03-30 16:28:06 - INFO - Added Anime: Solo Leveling -ReAwakening-
2025-03-30 16:28:06 - INFO - Added Anime: Code Geass: Lelouch of the Rebellion
2025-03-30 16:28:06 - INFO - Added Anime: Code Geass: Fukkatsu no Lelouch Picture Drama - Re;f 103.00 ~ Shinkai no Kakera
2025-03-30 16:28:06 - INFO - Added Anime: Code Geass: Lelouch of the Rebellion I - Initiation
2025-03-30 16:28:06 - INFO - Cover Image already downloaded
2025-03-30 16:28:06 - INFO - Cover Image already downloaded
2025-03-30 16:28:06 - INFO - Cover Image already downloaded
2025-03-30 16:28:06 - INFO - Cover Image already downloaded
2025-03-30 16:29:01 - INFO - Added Anime: Solo Leveling -ReAwakening-
2025-03-30 16:29:01 - INFO - Added Anime: Code Geass: Lelouch of the Rebellion
2025-03-30 16:29:01 - INFO - Added Anime: Code Geass: Fukkatsu no Lelouch Picture Drama - Re;f 103.00 ~ Shinkai no Kakera
2025-03-30 16:29:01 - INFO - Added Anime: Code Geass: Lelouch of the Rebellion I - Initiation
2025-03-30 16:29:01 - INFO - Cover Image already downloaded
2025-03-30 16:29:01 - INFO - Cover Image already downloaded
2025-03-30 16:29:01 - INFO - Cover Image already downloaded
2025-03-30 16:29:01 - INFO - Cover Image already downloaded
2025-03-30 16:29:08 - INFO - Added Anime: Solo Leveling -ReAwakening-
2025-03-30 16:29:08 - INFO - Added Anime: Code Geass: Lelouch of the Rebellion
2025-03-30 16:29:08 - INFO - Added Anime: Code Geass: Fukkatsu no Lelouch Picture Drama - Re;f 103.00 ~ Shinkai no Kakera
2025-03-30 16:29:08 - INFO - Added Anime: Code Geass: Lelouch of the Rebellion I - Initiation
2025-03-30 16:29:08 - INFO - Cover Image already downloaded
2025-03-30 16:29:09 - INFO - Cover Image already downloaded
2025-03-30 16:29:09 - INFO - Cover Image already downloaded
2025-03-30 16:29:09 - INFO - Cover Image already downloaded
2025-03-30 16:29:21 - INFO - Added Anime: Solo Leveling -ReAwakening-
2025-03-30 16:29:21 - INFO - Added Anime: Code Geass: Lelouch of the Rebellion
2025-03-30 16:29:21 - INFO - Added Anime: Code Geass: Fukkatsu no Lelouch Picture Drama - Re;f 103.00 ~ Shinkai no Kakera
2025-03-30 16:29:21 - INFO - Added Anime: Code Geass: Lelouch of the Rebellion I - Initiation
2025-03-30 16:29:21 - INFO - Cover Image already downloaded
2025-03-30 16:29:22 - INFO - Cover Image already downloaded
2025-03-30 16:29:22 - INFO - Cover Image already downloaded
2025-03-30 16:29:22 - INFO - Cover Image already downloaded
2025-03-30 16:32:13 - INFO - Added Anime: Solo Leveling -ReAwakening-
2025-03-30 16:32:13 - INFO - Added Anime: Code Geass: Lelouch of the Rebellion
2025-03-30 16:32:13 - INFO - Added Anime: Code Geass: Fukkatsu no Lelouch Picture Drama - Re;f 103.00 ~ Shinkai no Kakera
2025-03-30 16:32:13 - INFO - Added Anime: Code Geass: Lelouch of the Rebellion I - Initiation
2025-03-30 16:32:13 - INFO - Cover Image already downloaded
2025-03-30 16:32:13 - INFO - Cover Image already downloaded
2025-03-30 16:32:13 - INFO - Cover Image already downloaded
2025-03-30 16:32:13 - INFO - Cover Image already downloaded
2025-03-30 16:32:30 - INFO - Added Anime: Solo Leveling -ReAwakening-
2025-03-30 16:32:30 - INFO - Added Anime: Code Geass: Lelouch of the Rebellion
2025-03-30 16:32:30 - INFO - Added Anime: Code Geass: Fukkatsu no Lelouch Picture Drama - Re;f 103.00 ~ Shinkai no Kakera
2025-03-30 16:32:30 - INFO - Added Anime: Code Geass: Lelouch of the Rebellion I - Initiation
2025-03-30 16:32:30 - INFO - Cover Image already downloaded
2025-03-30 16:32:30 - INFO - Cover Image already downloaded
2025-03-30 16:32:30 - INFO - Cover Image already downloaded
2025-03-30 16:32:30 - INFO - Cover Image already downloaded
2025-03-30 16:32:44 - INFO - Added Anime: Solo Leveling -ReAwakening-
2025-03-30 16:32:44 - INFO - Added Anime: Code Geass: Lelouch of the Rebellion
2025-03-30 16:32:44 - INFO - Added Anime: Code Geass: Fukkatsu no Lelouch Picture Drama - Re;f 103.00 ~ Shinkai no Kakera
2025-03-30 16:32:44 - INFO - Added Anime: Code Geass: Lelouch of the Rebellion I - Initiation
2025-03-30 16:32:44 - INFO - Cover Image already downloaded
2025-03-30 16:32:44 - INFO - Cover Image already downloaded
2025-03-30 16:32:44 - INFO - Cover Image already downloaded
2025-03-30 16:32:44 - INFO - Cover Image already downloaded
2025-03-30 16:33:48 - INFO - Added Anime: Solo Leveling -ReAwakening-
2025-03-30 16:33:48 - INFO - Added Anime: Code Geass: Lelouch of the Rebellion
2025-03-30 16:33:48 - INFO - Added Anime: Code Geass: Fukkatsu no Lelouch Picture Drama - Re;f 103.00 ~ Shinkai no Kakera
2025-03-30 16:33:48 - INFO - Added Anime: Code Geass: Lelouch of the Rebellion I - Initiation
2025-03-30 16:33:48 - INFO - Cover Image already downloaded
2025-03-30 16:33:49 - INFO - Cover Image already downloaded
2025-03-30 16:33:49 - INFO - Cover Image already downloaded
2025-03-30 16:33:49 - INFO - Cover Image already downloaded
2025-03-30 16:34:34 - INFO - Added Anime: Solo Leveling -ReAwakening-
2025-03-30 16:34:34 - INFO - Added Anime: Code Geass: Lelouch of the Rebellion
2025-03-30 16:34:34 - INFO - Added Anime: Code Geass: Fukkatsu no Lelouch Picture Drama - Re;f 103.00 ~ Shinkai no Kakera
2025-03-30 16:34:34 - INFO - Added Anime: Code Geass: Lelouch of the Rebellion I - Initiation
2025-03-30 16:34:34 - INFO - Cover Image already downloaded
2025-03-30 16:34:35 - INFO - Cover Image already downloaded
2025-03-30 16:34:35 - INFO - Cover Image already downloaded
2025-03-30 16:34:35 - INFO - Cover Image already downloaded
2025-03-30 16:34:55 - INFO - Added Anime: Solo Leveling -ReAwakening-
2025-03-30 16:34:55 - INFO - Added Anime: Code Geass: Lelouch of the Rebellion
2025-03-30 16:34:55 - INFO - Added Anime: Code Geass: Fukkatsu no Lelouch Picture Drama - Re;f 103.00 ~ Shinkai no Kakera
2025-03-30 16:34:55 - INFO - Added Anime: Code Geass: Lelouch of the Rebellion I - Initiation
2025-03-30 16:34:55 - INFO - Cover Image already downloaded
2025-03-30 16:34:56 - INFO - Cover Image already downloaded
2025-03-30 16:34:56 - INFO - Cover Image already downloaded
2025-03-30 16:34:56 - INFO - Cover Image already downloaded
2025-03-30 16:35:24 - INFO - Added Anime: Solo Leveling -ReAwakening-
2025-03-30 16:35:24 - INFO - Added Anime: Code Geass: Lelouch of the Rebellion
2025-03-30 16:35:24 - INFO - Added Anime: Code Geass: Fukkatsu no Lelouch Picture Drama - Re;f 103.00 ~ Shinkai no Kakera
2025-03-30 16:35:24 - INFO - Added Anime: Code Geass: Lelouch of the Rebellion I - Initiation
2025-03-30 16:35:24 - INFO - Cover Image already downloaded
2025-03-30 16:35:24 - INFO - Cover Image already downloaded
2025-03-30 16:35:24 - INFO - Cover Image already downloaded
2025-03-30 16:35:24 - INFO - Cover Image already downloaded
2025-03-30 16:35:35 - INFO - Added Anime: Solo Leveling -ReAwakening-
2025-03-30 16:35:35 - INFO - Added Anime: Code Geass: Lelouch of the Rebellion
2025-03-30 16:35:35 - INFO - Added Anime: Code Geass: Fukkatsu no Lelouch Picture Drama - Re;f 103.00 ~ Shinkai no Kakera
2025-03-30 16:35:35 - INFO - Added Anime: Code Geass: Lelouch of the Rebellion I - Initiation
2025-03-30 16:35:35 - INFO - Cover Image already downloaded
2025-03-30 16:35:36 - INFO - Cover Image already downloaded
2025-03-30 16:35:36 - INFO - Cover Image already downloaded
2025-03-30 16:35:36 - INFO - Cover Image already downloaded
2025-03-30 16:37:39 - INFO - Added Anime: Solo Leveling -ReAwakening-
2025-03-30 16:37:39 - INFO - Added Anime: Code Geass: Lelouch of the Rebellion
2025-03-30 16:37:39 - INFO - Added Anime: Code Geass: Fukkatsu no Lelouch Picture Drama - Re;f 103.00 ~ Shinkai no Kakera
2025-03-30 16:37:39 - INFO - Added Anime: Code Geass: Lelouch of the Rebellion I - Initiation
2025-03-30 16:37:39 - INFO - Cover Image already downloaded
2025-03-30 16:37:39 - INFO - Cover Image already downloaded
2025-03-30 16:37:39 - INFO - Cover Image already downloaded
2025-03-30 16:37:39 - INFO - Cover Image already downloaded
2025-03-30 16:38:05 - INFO - Added Anime: Solo Leveling -ReAwakening-
2025-03-30 16:38:05 - INFO - Added Anime: Code Geass: Lelouch of the Rebellion
2025-03-30 16:38:05 - INFO - Added Anime: Code Geass: Fukkatsu no Lelouch Picture Drama - Re;f 103.00 ~ Shinkai no Kakera
2025-03-30 16:38:05 - INFO - Added Anime: Code Geass: Lelouch of the Rebellion I - Initiation
2025-03-30 16:38:05 - INFO - Cover Image already downloaded
2025-03-30 16:38:05 - INFO - Cover Image already downloaded
2025-03-30 16:38:05 - INFO - Cover Image already downloaded
2025-03-30 16:38:05 - INFO - Cover Image already downloaded
2025-03-30 16:38:15 - INFO - Added Anime: Solo Leveling -ReAwakening-
2025-03-30 16:38:15 - INFO - Added Anime: Code Geass: Lelouch of the Rebellion
2025-03-30 16:38:15 - INFO - Added Anime: Code Geass: Fukkatsu no Lelouch Picture Drama - Re;f 103.00 ~ Shinkai no Kakera
2025-03-30 16:38:15 - INFO - Added Anime: Code Geass: Lelouch of the Rebellion I - Initiation
2025-03-30 16:38:15 - INFO - Cover Image already downloaded
2025-03-30 16:38:15 - INFO - Cover Image already downloaded
2025-03-30 16:38:15 - INFO - Cover Image already downloaded
2025-03-30 16:38:15 - INFO - Cover Image already downloaded
2025-03-30 16:38:52 - INFO - Added Anime: Solo Leveling -ReAwakening-
2025-03-30 16:38:52 - INFO - Added Anime: Code Geass: Lelouch of the Rebellion
2025-03-30 16:38:52 - INFO - Added Anime: Code Geass: Fukkatsu no Lelouch Picture Drama - Re;f 103.00 ~ Shinkai no Kakera
2025-03-30 16:38:52 - INFO - Added Anime: Code Geass: Lelouch of the Rebellion I - Initiation
2025-03-30 16:38:52 - INFO - Cover Image already downloaded
2025-03-30 16:38:53 - INFO - Cover Image already downloaded
2025-03-30 16:38:53 - INFO - Cover Image already downloaded
2025-03-30 16:38:53 - INFO - Cover Image already downloaded
2025-03-30 16:39:28 - INFO - Added Anime: Solo Leveling -ReAwakening-
2025-03-30 16:39:28 - INFO - Added Anime: Code Geass: Lelouch of the Rebellion
2025-03-30 16:39:28 - INFO - Added Anime: Code Geass: Fukkatsu no Lelouch Picture Drama - Re;f 103.00 ~ Shinkai no Kakera
2025-03-30 16:39:28 - INFO - Added Anime: Code Geass: Lelouch of the Rebellion I - Initiation
2025-03-30 16:39:28 - INFO - Cover Image already downloaded
2025-03-30 16:39:29 - INFO - Cover Image already downloaded
2025-03-30 16:39:29 - INFO - Cover Image already downloaded
2025-03-30 16:39:29 - INFO - Cover Image already downloaded
2025-03-30 17:22:38 - INFO - Added Anime: Solo Leveling -ReAwakening-
2025-03-30 17:22:38 - INFO - Added Anime: Code Geass: Lelouch of the Rebellion
2025-03-30 17:22:38 - INFO - Added Anime: Code Geass: Fukkatsu no Lelouch Picture Drama - Re;f 103.00 ~ Shinkai no Kakera
2025-03-30 17:22:38 - INFO - Added Anime: Code Geass: Lelouch of the Rebellion I - Initiation
2025-03-30 17:22:38 - INFO - Cover Image already downloaded
2025-03-30 17:22:39 - INFO - Cover Image already downloaded
2025-03-30 17:22:39 - INFO - Cover Image already downloaded
2025-03-30 17:22:39 - INFO - Cover Image already downloaded
2025-03-30 17:31:20 - INFO - Added Anime: Solo Leveling -ReAwakening-
2025-03-30 17:31:20 - INFO - Added Anime: Code Geass: Lelouch of the Rebellion
2025-03-30 17:31:20 - INFO - Added Anime: Code Geass: Fukkatsu no Lelouch Picture Drama - Re;f 103.00 ~ Shinkai no Kakera
2025-03-30 17:31:20 - INFO - Added Anime: Code Geass: Lelouch of the Rebellion I - Initiation
2025-03-30 17:31:20 - INFO - Cover Image already downloaded
2025-03-30 17:31:21 - INFO - Cover Image already downloaded
2025-03-30 17:31:21 - INFO - Cover Image already downloaded
2025-03-30 17:31:21 - INFO - Cover Image already downloaded
2025-03-30 17:49:23 - INFO - Added Anime: Solo Leveling -ReAwakening-
2025-03-30 17:49:23 - INFO - Added Anime: Code Geass: Lelouch of the Rebellion
2025-03-30 17:49:23 - INFO - Added Anime: Code Geass: Fukkatsu no Lelouch Picture Drama - Re;f 103.00 ~ Shinkai no Kakera
2025-03-30 17:49:23 - INFO - Added Anime: Code Geass: Lelouch of the Rebellion I - Initiation
2025-03-30 17:49:23 - INFO - Cover Image already downloaded
2025-03-30 17:49:24 - INFO - Cover Image already downloaded
2025-03-30 17:49:24 - INFO - Cover Image already downloaded
2025-03-30 17:49:24 - INFO - Cover Image already downloaded
2025-03-30 18:05:44 - INFO - Added Anime: Solo Leveling -ReAwakening-
2025-03-30 18:05:44 - INFO - Added Anime: Code Geass: Lelouch of the Rebellion
2025-03-30 18:05:44 - INFO - Added Anime: Code Geass: Fukkatsu no Lelouch Picture Drama - Re;f 103.00 ~ Shinkai no Kakera
2025-03-30 18:05:44 - INFO - Added Anime: Code Geass: Lelouch of the Rebellion I - Initiation
2025-03-30 18:05:44 - INFO - Cover Image already downloaded
2025-03-30 18:05:45 - INFO - Cover Image already downloaded
2025-03-30 18:05:45 - INFO - Cover Image already downloaded
2025-03-30 18:05:45 - INFO - Cover Image already downloaded
2025-03-30 18:06:56 - INFO - Added Anime: Solo Leveling -ReAwakening-
2025-03-30 18:06:56 - INFO - Added Anime: Code Geass: Lelouch of the Rebellion
2025-03-30 18:06:56 - INFO - Added Anime: Code Geass: Fukkatsu no Lelouch Picture Drama - Re;f 103.00 ~ Shinkai no Kakera
2025-03-30 18:06:56 - INFO - Added Anime: Code Geass: Lelouch of the Rebellion I - Initiation
2025-03-30 18:06:56 - INFO - Cover Image already downloaded
2025-03-30 18:06:57 - INFO - Cover Image already downloaded
2025-03-30 18:06:57 - INFO - Cover Image already downloaded
2025-03-30 18:06:57 - INFO - Cover Image already downloaded
2025-03-30 18:09:56 - INFO - Added Anime: Solo Leveling -ReAwakening-
2025-03-30 18:09:56 - INFO - Added Anime: Code Geass: Lelouch of the Rebellion
2025-03-30 18:09:56 - INFO - Added Anime: Code Geass: Fukkatsu no Lelouch Picture Drama - Re;f 103.00 ~ Shinkai no Kakera
2025-03-30 18:09:56 - INFO - Added Anime: Code Geass: Lelouch of the Rebellion I - Initiation
2025-03-30 18:09:56 - INFO - Cover Image already downloaded
2025-03-30 18:09:57 - INFO - Cover Image already downloaded
2025-03-30 18:09:57 - INFO - Cover Image already downloaded
2025-03-30 18:09:57 - INFO - Cover Image already downloaded
2025-03-30 18:10:32 - INFO - Added Anime: Solo Leveling -ReAwakening-
2025-03-30 18:10:32 - INFO - Added Anime: Code Geass: Lelouch of the Rebellion
2025-03-30 18:10:32 - INFO - Added Anime: Code Geass: Fukkatsu no Lelouch Picture Drama - Re;f 103.00 ~ Shinkai no Kakera
2025-03-30 18:10:32 - INFO - Added Anime: Code Geass: Lelouch of the Rebellion I - Initiation
2025-03-30 18:10:32 - INFO - Cover Image already downloaded
2025-03-30 18:10:33 - INFO - Cover Image already downloaded
2025-03-30 18:10:33 - INFO - Cover Image already downloaded
2025-03-30 18:10:33 - INFO - Cover Image already downloaded
2025-03-30 18:12:41 - INFO - Added Anime: Solo Leveling -ReAwakening-
2025-03-30 18:12:41 - INFO - Added Anime: Code Geass: Lelouch of the Rebellion
2025-03-30 18:12:41 - INFO - Added Anime: Code Geass: Fukkatsu no Lelouch Picture Drama - Re;f 103.00 ~ Shinkai no Kakera
2025-03-30 18:12:41 - INFO - Added Anime: Code Geass: Lelouch of the Rebellion I - Initiation
2025-03-30 18:12:41 - INFO - Cover Image already downloaded
2025-03-30 18:12:41 - INFO - Cover Image already downloaded
2025-03-30 18:12:41 - INFO - Cover Image already downloaded
2025-03-30 18:12:41 - INFO - Cover Image already downloaded
2025-03-30 18:13:12 - INFO - Added Anime: Solo Leveling -ReAwakening-
2025-03-30 18:13:12 - INFO - Added Anime: Code Geass: Lelouch of the Rebellion
2025-03-30 18:13:12 - INFO - Added Anime: Code Geass: Fukkatsu no Lelouch Picture Drama - Re;f 103.00 ~ Shinkai no Kakera
2025-03-30 18:13:12 - INFO - Added Anime: Code Geass: Lelouch of the Rebellion I - Initiation
2025-03-30 18:13:12 - INFO - Cover Image already downloaded
2025-03-30 18:13:12 - INFO - Cover Image already downloaded
2025-03-30 18:13:12 - INFO - Cover Image already downloaded
2025-03-30 18:13:12 - INFO - Cover Image already downloaded
2025-03-30 18:23:39 - INFO - Added Anime: Solo Leveling -ReAwakening-
2025-03-30 18:23:39 - INFO - Added Anime: Code Geass: Lelouch of the Rebellion
2025-03-30 18:23:39 - INFO - Added Anime: Code Geass: Fukkatsu no Lelouch Picture Drama - Re;f 103.00 ~ Shinkai no Kakera
2025-03-30 18:23:39 - INFO - Added Anime: Code Geass: Lelouch of the Rebellion I - Initiation
2025-03-30 18:23:39 - INFO - Cover Image already downloaded
2025-03-30 18:23:39 - INFO - Cover Image already downloaded
2025-03-30 18:23:39 - INFO - Cover Image already downloaded
2025-03-30 18:23:39 - INFO - Cover Image already downloaded
2025-03-30 18:23:54 - INFO - Added Anime: Solo Leveling -ReAwakening-
2025-03-30 18:23:54 - INFO - Added Anime: Code Geass: Lelouch of the Rebellion
2025-03-30 18:23:54 - INFO - Added Anime: Code Geass: Fukkatsu no Lelouch Picture Drama - Re;f 103.00 ~ Shinkai no Kakera
2025-03-30 18:23:54 - INFO - Added Anime: Code Geass: Lelouch of the Rebellion I - Initiation
2025-03-30 18:23:54 - INFO - Cover Image already downloaded
2025-03-30 18:23:55 - INFO - Cover Image already downloaded
2025-03-30 18:23:55 - INFO - Cover Image already downloaded
2025-03-30 18:23:55 - INFO - Cover Image already downloaded
2025-03-30 18:24:10 - INFO - Added Anime: Solo Leveling -ReAwakening-
2025-03-30 18:24:10 - INFO - Added Anime: Code Geass: Lelouch of the Rebellion
2025-03-30 18:24:10 - INFO - Added Anime: Code Geass: Fukkatsu no Lelouch Picture Drama - Re;f 103.00 ~ Shinkai no Kakera
2025-03-30 18:24:10 - INFO - Added Anime: Code Geass: Lelouch of the Rebellion I - Initiation
2025-03-30 18:24:10 - INFO - Cover Image already downloaded
2025-03-30 18:24:11 - INFO - Cover Image already downloaded
2025-03-30 18:24:11 - INFO - Cover Image already downloaded
2025-03-30 18:24:11 - INFO - Cover Image already downloaded
2025-03-30 18:26:51 - INFO - Added Anime: Solo Leveling -ReAwakening-
2025-03-30 18:26:51 - INFO - Added Anime: Code Geass: Lelouch of the Rebellion
2025-03-30 18:26:51 - INFO - Added Anime: Code Geass: Fukkatsu no Lelouch Picture Drama - Re;f 103.00 ~ Shinkai no Kakera
2025-03-30 18:26:51 - INFO - Added Anime: Code Geass: Lelouch of the Rebellion I - Initiation
2025-03-30 18:26:51 - INFO - Cover Image already downloaded
2025-03-30 18:26:51 - INFO - Cover Image already downloaded
2025-03-30 18:26:51 - INFO - Cover Image already downloaded
2025-03-30 18:26:51 - INFO - Cover Image already downloaded
2025-03-30 18:27:52 - INFO - Added Anime: Solo Leveling -ReAwakening-
2025-03-30 18:27:52 - INFO - Added Anime: Code Geass: Lelouch of the Rebellion
2025-03-30 18:27:52 - INFO - Added Anime: Code Geass: Fukkatsu no Lelouch Picture Drama - Re;f 103.00 ~ Shinkai no Kakera
2025-03-30 18:27:52 - INFO - Added Anime: Code Geass: Lelouch of the Rebellion I - Initiation
2025-03-30 18:27:52 - INFO - Cover Image already downloaded
2025-03-30 18:27:52 - INFO - Cover Image already downloaded
2025-03-30 18:27:52 - INFO - Cover Image already downloaded
2025-03-30 18:27:52 - INFO - Cover Image already downloaded
2025-03-30 18:28:48 - INFO - Added Anime: Solo Leveling -ReAwakening-
2025-03-30 18:28:48 - INFO - Added Anime: Code Geass: Lelouch of the Rebellion
2025-03-30 18:28:48 - INFO - Added Anime: Code Geass: Fukkatsu no Lelouch Picture Drama - Re;f 103.00 ~ Shinkai no Kakera
2025-03-30 18:28:48 - INFO - Added Anime: Code Geass: Lelouch of the Rebellion I - Initiation
2025-03-30 18:28:48 - INFO - Cover Image already downloaded
2025-03-30 18:28:49 - INFO - Cover Image already downloaded
2025-03-30 18:28:49 - INFO - Cover Image already downloaded
2025-03-30 18:28:49 - INFO - Cover Image already downloaded
2025-03-30 18:29:04 - INFO - Added Anime: Solo Leveling -ReAwakening-
2025-03-30 18:29:04 - INFO - Added Anime: Code Geass: Lelouch of the Rebellion
2025-03-30 18:29:04 - INFO - Added Anime: Code Geass: Fukkatsu no Lelouch Picture Drama - Re;f 103.00 ~ Shinkai no Kakera
2025-03-30 18:29:04 - INFO - Added Anime: Code Geass: Lelouch of the Rebellion I - Initiation
2025-03-30 18:29:04 - INFO - Cover Image already downloaded
2025-03-30 18:29:05 - INFO - Cover Image already downloaded
2025-03-30 18:29:05 - INFO - Cover Image already downloaded
2025-03-30 18:29:05 - INFO - Cover Image already downloaded
2025-03-30 18:30:51 - INFO - Added Anime: Solo Leveling -ReAwakening-
2025-03-30 18:30:51 - INFO - Added Anime: Code Geass: Lelouch of the Rebellion
2025-03-30 18:30:51 - INFO - Added Anime: Code Geass: Fukkatsu no Lelouch Picture Drama - Re;f 103.00 ~ Shinkai no Kakera
2025-03-30 18:30:51 - INFO - Added Anime: Code Geass: Lelouch of the Rebellion I - Initiation
2025-03-30 18:30:51 - INFO - Cover Image already downloaded
2025-03-30 18:30:51 - INFO - Cover Image already downloaded
2025-03-30 18:30:51 - INFO - Cover Image already downloaded
2025-03-30 18:30:51 - INFO - Cover Image already downloaded
2025-03-30 18:32:32 - INFO - Added Anime: Solo Leveling -ReAwakening-
2025-03-30 18:32:32 - INFO - Added Anime: Code Geass: Lelouch of the Rebellion
2025-03-30 18:32:32 - INFO - Added Anime: Code Geass: Fukkatsu no Lelouch Picture Drama - Re;f 103.00 ~ Shinkai no Kakera
2025-03-30 18:32:32 - INFO - Added Anime: Code Geass: Lelouch of the Rebellion I - Initiation
2025-03-30 18:32:32 - INFO - Cover Image already downloaded
2025-03-30 18:32:32 - INFO - Cover Image already downloaded
2025-03-30 18:32:32 - INFO - Cover Image already downloaded
2025-03-30 18:32:32 - INFO - Cover Image already downloaded
2025-03-30 18:36:11 - INFO - Added Anime: Solo Leveling -ReAwakening-
2025-03-30 18:36:11 - INFO - Added Anime: Code Geass: Lelouch of the Rebellion
2025-03-30 18:36:11 - INFO - Added Anime: Code Geass: Fukkatsu no Lelouch Picture Drama - Re;f 103.00 ~ Shinkai no Kakera
2025-03-30 18:36:11 - INFO - Added Anime: Code Geass: Lelouch of the Rebellion I - Initiation
2025-03-30 18:36:11 - INFO - Cover Image already downloaded
2025-03-30 18:36:12 - INFO - Cover Image already downloaded
2025-03-30 18:36:12 - INFO - Cover Image already downloaded
2025-03-30 18:36:12 - INFO - Cover Image already downloaded
2025-03-30 18:37:43 - INFO - Added Anime: Solo Leveling -ReAwakening-
2025-03-30 18:37:43 - INFO - Added Anime: Code Geass: Lelouch of the Rebellion
2025-03-30 18:37:43 - INFO - Added Anime: Code Geass: Fukkatsu no Lelouch Picture Drama - Re;f 103.00 ~ Shinkai no Kakera
2025-03-30 18:37:43 - INFO - Added Anime: Code Geass: Lelouch of the Rebellion I - Initiation
2025-03-30 18:37:43 - INFO - Cover Image already downloaded
2025-03-30 18:37:43 - INFO - Cover Image already downloaded
2025-03-30 18:37:43 - INFO - Cover Image already downloaded
2025-03-30 18:37:43 - INFO - Cover Image already downloaded
2025-03-30 18:38:33 - INFO - Added Anime: Solo Leveling -ReAwakening-
2025-03-30 18:38:33 - INFO - Added Anime: Code Geass: Lelouch of the Rebellion
2025-03-30 18:38:33 - INFO - Added Anime: Code Geass: Fukkatsu no Lelouch Picture Drama - Re;f 103.00 ~ Shinkai no Kakera
2025-03-30 18:38:33 - INFO - Added Anime: Code Geass: Lelouch of the Rebellion I - Initiation
2025-03-30 18:38:33 - INFO - Cover Image already downloaded
2025-03-30 18:38:33 - INFO - Cover Image already downloaded
2025-03-30 18:38:33 - INFO - Cover Image already downloaded
2025-03-30 18:38:33 - INFO - Cover Image already downloaded
2025-03-30 18:39:09 - INFO - Added Anime: Solo Leveling -ReAwakening-
2025-03-30 18:39:09 - INFO - Added Anime: Code Geass: Lelouch of the Rebellion
2025-03-30 18:39:09 - INFO - Added Anime: Code Geass: Fukkatsu no Lelouch Picture Drama - Re;f 103.00 ~ Shinkai no Kakera
2025-03-30 18:39:09 - INFO - Added Anime: Code Geass: Lelouch of the Rebellion I - Initiation
2025-03-30 18:39:09 - INFO - Cover Image already downloaded
2025-03-30 18:39:10 - INFO - Cover Image already downloaded
2025-03-30 18:39:10 - INFO - Cover Image already downloaded
2025-03-30 18:39:10 - INFO - Cover Image already downloaded
2025-03-30 18:39:38 - INFO - Added Anime: Solo Leveling -ReAwakening-
2025-03-30 18:39:38 - INFO - Added Anime: Code Geass: Lelouch of the Rebellion
2025-03-30 18:39:38 - INFO - Added Anime: Code Geass: Fukkatsu no Lelouch Picture Drama - Re;f 103.00 ~ Shinkai no Kakera
2025-03-30 18:39:38 - INFO - Added Anime: Code Geass: Lelouch of the Rebellion I - Initiation
2025-03-30 18:39:38 - INFO - Cover Image already downloaded
2025-03-30 18:39:39 - INFO - Cover Image already downloaded
2025-03-30 18:39:39 - INFO - Cover Image already downloaded
2025-03-30 18:39:39 - INFO - Cover Image already downloaded
2025-03-30 18:39:45 - INFO - Added Anime: Solo Leveling -ReAwakening-
2025-03-30 18:39:45 - INFO - Added Anime: Code Geass: Lelouch of the Rebellion
2025-03-30 18:39:45 - INFO - Added Anime: Code Geass: Fukkatsu no Lelouch Picture Drama - Re;f 103.00 ~ Shinkai no Kakera
2025-03-30 18:39:45 - INFO - Added Anime: Code Geass: Lelouch of the Rebellion I - Initiation
2025-03-30 18:39:45 - INFO - Cover Image already downloaded
2025-03-30 18:39:46 - INFO - Cover Image already downloaded
2025-03-30 18:39:46 - INFO - Cover Image already downloaded
2025-03-30 18:39:46 - INFO - Cover Image already downloaded
2025-03-30 18:40:29 - INFO - Added Anime: Solo Leveling -ReAwakening-
2025-03-30 18:40:29 - INFO - Added Anime: Code Geass: Lelouch of the Rebellion
2025-03-30 18:40:29 - INFO - Added Anime: Code Geass: Fukkatsu no Lelouch Picture Drama - Re;f 103.00 ~ Shinkai no Kakera
2025-03-30 18:40:29 - INFO - Added Anime: Code Geass: Lelouch of the Rebellion I - Initiation
2025-03-30 18:40:29 - INFO - Cover Image already downloaded
2025-03-30 18:40:29 - INFO - Cover Image already downloaded
2025-03-30 18:40:29 - INFO - Cover Image already downloaded
2025-03-30 18:40:29 - INFO - Cover Image already downloaded
2025-03-30 18:40:50 - INFO - Added Anime: Solo Leveling -ReAwakening-
2025-03-30 18:40:50 - INFO - Added Anime: Code Geass: Lelouch of the Rebellion
2025-03-30 18:40:50 - INFO - Added Anime: Code Geass: Fukkatsu no Lelouch Picture Drama - Re;f 103.00 ~ Shinkai no Kakera
2025-03-30 18:40:50 - INFO - Added Anime: Code Geass: Lelouch of the Rebellion I - Initiation
2025-03-30 18:40:50 - INFO - Cover Image already downloaded
2025-03-30 18:40:51 - INFO - Cover Image already downloaded
2025-03-30 18:40:51 - INFO - Cover Image already downloaded
2025-03-30 18:40:51 - INFO - Cover Image already downloaded
2025-03-30 18:41:01 - INFO - Added Anime: Solo Leveling -ReAwakening-
2025-03-30 18:41:01 - INFO - Added Anime: Code Geass: Lelouch of the Rebellion
2025-03-30 18:41:01 - INFO - Added Anime: Code Geass: Fukkatsu no Lelouch Picture Drama - Re;f 103.00 ~ Shinkai no Kakera
2025-03-30 18:41:01 - INFO - Added Anime: Code Geass: Lelouch of the Rebellion I - Initiation
2025-03-30 18:41:01 - INFO - Cover Image already downloaded
2025-03-30 18:41:02 - INFO - Cover Image already downloaded
2025-03-30 18:41:02 - INFO - Cover Image already downloaded
2025-03-30 18:41:02 - INFO - Cover Image already downloaded
2025-03-30 18:41:13 - INFO - Removed Anime: Code Geass: Lelouch of the Rebellion
2025-03-30 18:41:13 - INFO - Saved List Successfully
2025-03-30 18:59:49 - INFO - Added Anime: Solo Leveling -ReAwakening-
2025-03-30 18:59:49 - INFO - Added Anime: Code Geass: Fukkatsu no Lelouch Picture Drama - Re;f 103.00 ~ Shinkai no Kakera
2025-03-30 18:59:49 - INFO - Added Anime: Code Geass: Lelouch of the Rebellion I - Initiation
2025-03-30 18:59:49 - INFO - Cover Image already downloaded
2025-03-30 18:59:50 - INFO - Cover Image already downloaded
2025-03-30 18:59:50 - INFO - Cover Image already downloaded
2025-03-30 19:01:54 - INFO - Added Anime: Solo Leveling -ReAwakening-
2025-03-30 19:01:54 - INFO - Added Anime: Code Geass: Fukkatsu no Lelouch Picture Drama - Re;f 103.00 ~ Shinkai no Kakera
2025-03-30 19:01:54 - INFO - Added Anime: Code Geass: Lelouch of the Rebellion I - Initiation
2025-03-30 19:01:54 - INFO - Cover Image already downloaded
2025-03-30 19:01:54 - INFO - Cover Image already downloaded
2025-03-30 19:01:54 - INFO - Cover Image already downloaded
2025-03-30 19:05:48 - INFO - Added Anime: Solo Leveling -ReAwakening-
2025-03-30 19:05:48 - INFO - Added Anime: Code Geass: Fukkatsu no Lelouch Picture Drama - Re;f 103.00 ~ Shinkai no Kakera
2025-03-30 19:05:48 - INFO - Added Anime: Code Geass: Lelouch of the Rebellion I - Initiation
2025-03-30 19:05:48 - INFO - Cover Image already downloaded
2025-03-30 19:05:49 - INFO - Cover Image already downloaded
2025-03-30 19:05:49 - INFO - Cover Image already downloaded
2025-03-30 19:06:13 - INFO - Added Anime: Solo Leveling -ReAwakening-
2025-03-30 19:06:13 - INFO - Added Anime: Code Geass: Fukkatsu no Lelouch Picture Drama - Re;f 103.00 ~ Shinkai no Kakera
2025-03-30 19:06:13 - INFO - Added Anime: Code Geass: Lelouch of the Rebellion I - Initiation
2025-03-30 19:06:13 - INFO - Cover Image already downloaded
2025-03-30 19:06:14 - INFO - Cover Image already downloaded
2025-03-30 19:06:14 - INFO - Cover Image already downloaded
2025-03-30 19:10:43 - INFO - Added Anime: Solo Leveling -ReAwakening-
2025-03-30 19:10:43 - INFO - Added Anime: Code Geass: Fukkatsu no Lelouch Picture Drama - Re;f 103.00 ~ Shinkai no Kakera
2025-03-30 19:10:43 - INFO - Added Anime: Code Geass: Lelouch of the Rebellion I - Initiation
2025-03-30 19:10:43 - INFO - Cover Image already downloaded
2025-03-30 19:10:44 - INFO - Cover Image already downloaded
2025-03-30 19:10:44 - INFO - Cover Image already downloaded
2025-03-30 19:12:44 - INFO - Added Anime: Solo Leveling -ReAwakening-
2025-03-30 19:12:44 - INFO - Added Anime: Code Geass: Fukkatsu no Lelouch Picture Drama - Re;f 103.00 ~ Shinkai no Kakera
2025-03-30 19:12:44 - INFO - Added Anime: Code Geass: Lelouch of the Rebellion I - Initiation
2025-03-30 19:12:44 - INFO - Cover Image already downloaded
2025-03-30 19:12:44 - INFO - Cover Image already downloaded
2025-03-30 19:12:44 - INFO - Cover Image already downloaded
2025-03-30 19:14:58 - INFO - Added Anime: Solo Leveling -ReAwakening-
2025-03-30 19:14:58 - INFO - Added Anime: Code Geass: Fukkatsu no Lelouch Picture Drama - Re;f 103.00 ~ Shinkai no Kakera
2025-03-30 19:14:58 - INFO - Added Anime: Code Geass: Lelouch of the Rebellion I - Initiation
2025-03-30 19:14:58 - INFO - Cover Image already downloaded
2025-03-30 19:14:58 - INFO - Cover Image already downloaded
2025-03-30 19:14:58 - INFO - Cover Image already downloaded
2025-03-30 19:15:51 - INFO - Added Anime: Solo Leveling -ReAwakening-
2025-03-30 19:15:51 - INFO - Added Anime: Code Geass: Fukkatsu no Lelouch Picture Drama - Re;f 103.00 ~ Shinkai no Kakera
2025-03-30 19:15:51 - INFO - Added Anime: Code Geass: Lelouch of the Rebellion I - Initiation
2025-03-30 19:15:51 - INFO - Cover Image already downloaded
2025-03-30 19:15:52 - INFO - Cover Image already downloaded
2025-03-30 19:15:52 - INFO - Cover Image already downloaded
